<?xml version="1.0" encoding="UTF-8"?>
<robot generator="Robot 3.2.2 (Python 3.8.6rc1 on win32)" generated="20200925 11:02:30.514" rpa="false">
<suite id="s1" name="Identificaelementos" source="C:\Petronio\Estudo\Projetos\Robot_Sikuri-SampleWebPage\identificaelementos.robot">
<kw name="Carrega Elementos" type="setup">
<kw name="Add Image Path" library="SikuliLibrary">
<doc>Add image path</doc>
<arguments>
<arg>${IMAGE_DIR}</arg>
</arguments>
<msg timestamp="20200925 11:02:40.972" level="INFO">Params: [C:\Petronio\Estudo\Projetos\Robot_Sikuri-SampleWebPage\elements]</msg>
<status status="PASS" starttime="20200925 11:02:40.859" endtime="20200925 11:02:40.972"></status>
</kw>
<status status="PASS" starttime="20200925 11:02:40.858" endtime="20200925 11:02:40.972"></status>
</kw>
<test id="s1-t1" name="Testa inicio do teste">
<kw name="Click" library="SikuliLibrary">
<doc>Click</doc>
<arguments>
<arg>Inicio.png</arg>
</arguments>
<msg timestamp="20200925 11:02:43.361" level="INFO">Params: [Inicio.png]</msg>
<msg timestamp="20200925 11:02:43.361" level="INFO" html="yes">&lt;img src='sikuli_captured/sikuliximage-1601028162408.png'/&gt;
[log] CLICK on L[184,752]@S(0) (566 msec)</msg>
<status status="PASS" starttime="20200925 11:02:40.974" endtime="20200925 11:02:43.362"></status>
</kw>
<kw name="Click" library="SikuliLibrary">
<doc>Click</doc>
<arguments>
<arg>Atualizar.png</arg>
</arguments>
<msg timestamp="20200925 11:02:44.683" level="INFO">Params: [Atualizar.png]</msg>
<msg timestamp="20200925 11:02:44.684" level="INFO" html="yes">&lt;img src='sikuli_captured/sikuliximage-1601028163855.png'/&gt;
[log] CLICK on L[85,52]@S(0) (540 msec)</msg>
<status status="PASS" starttime="20200925 11:02:43.404" endtime="20200925 11:02:44.684"></status>
</kw>
<kw name="Click" library="SikuliLibrary">
<doc>Click</doc>
<arguments>
<arg>Branco.png</arg>
</arguments>
<msg timestamp="20200925 11:02:46.345" level="INFO">Params: [Branco.png]</msg>
<msg timestamp="20200925 11:02:46.345" level="INFO" html="yes">&lt;img src='sikuli_captured/sikuliximage-1601028165345.png'/&gt;
[log] CLICK on L[298,110]@S(0) (538 msec)</msg>
<status status="PASS" starttime="20200925 11:02:44.703" endtime="20200925 11:02:46.345"></status>
</kw>
<kw name="Press Special Key" library="SikuliLibrary">
<doc>Press special key
 Presses a special keyboard key.</doc>
<arguments>
<arg>PAGE_UP</arg>
</arguments>
<msg timestamp="20200925 11:02:46.548" level="INFO">Params: [PAGE_UP]
[log]  TYPE "#PUP."</msg>
<status status="PASS" starttime="20200925 11:02:46.353" endtime="20200925 11:02:46.548"></status>
</kw>
<kw name="Exists" library="SikuliLibrary">
<doc>Exists</doc>
<arguments>
<arg>ThisIsSampleText.png</arg>
<arg>5</arg>
</arguments>
<msg timestamp="20200925 11:02:46.947" level="INFO">Params: [ThisIsSampleText.png, 5]</msg>
<status status="PASS" starttime="20200925 11:02:46.550" endtime="20200925 11:02:46.947"></status>
</kw>
<kw name="Click" library="SikuliLibrary">
<doc>Click</doc>
<arguments>
<arg>ThisIsALink.png</arg>
</arguments>
<msg timestamp="20200925 11:02:48.134" level="INFO">Params: [ThisIsALink.png]</msg>
<msg timestamp="20200925 11:02:48.134" level="INFO" html="yes">&lt;img src='sikuli_captured/sikuliximage-1601028167316.png'/&gt;
[log] CLICK on L[201,293]@S(0) (549 msec)</msg>
<status status="PASS" starttime="20200925 11:02:46.949" endtime="20200925 11:02:48.134"></status>
</kw>
<kw name="Click" library="SikuliLibrary">
<doc>Click</doc>
<arguments>
<arg>Voltar.png</arg>
</arguments>
<msg timestamp="20200925 11:02:49.852" level="INFO">Params: [Voltar.png]</msg>
<msg timestamp="20200925 11:02:49.852" level="INFO" html="yes">&lt;img src='sikuli_captured/sikuliximage-1601028168698.png'/&gt;
[log] CLICK on L[22,50]@S(0) (563 msec)</msg>
<status status="PASS" starttime="20200925 11:02:48.138" endtime="20200925 11:02:49.852"></status>
</kw>
<kw name="Exists" library="SikuliLibrary">
<doc>Exists</doc>
<arguments>
<arg>TextBox.png</arg>
<arg>5</arg>
</arguments>
<msg timestamp="20200925 11:02:55.498" level="INFO">Params: [TextBox.png, 5]</msg>
<status status="PASS" starttime="20200925 11:02:49.856" endtime="20200925 11:02:55.499"></status>
</kw>
<kw name="Input Text" library="SikuliLibrary">
<doc>Input text
 Image could be empty</doc>
<arguments>
<arg>TextBox.png</arg>
<arg>Passei por aqui !!!</arg>
</arguments>
<msg timestamp="20200925 11:03:00.582" level="INFO">Params: [TextBox.png, Passei por aqui !!!]
Input Text:
Passei por aqui !!!</msg>
<msg timestamp="20200925 11:03:00.582" level="INFO" html="yes">&lt;img src='sikuli_captured/sikuliximage-1601028177988.png'/&gt;
[log] CLICK on L[255,344]@S(0) (565 msec)
[log]  TYPE "Passei por aqui !!!"</msg>
<status status="PASS" starttime="20200925 11:02:55.502" endtime="20200925 11:03:00.582"></status>
</kw>
<kw name="Click" library="SikuliLibrary">
<doc>Click</doc>
<arguments>
<arg>Button.png</arg>
</arguments>
<msg timestamp="20200925 11:03:01.818" level="INFO">Params: [Button.png]</msg>
<msg timestamp="20200925 11:03:01.818" level="INFO" html="yes">&lt;img src='sikuli_captured/sikuliximage-1601028180914.png'/&gt;
[log] CLICK on L[172,401]@S(0) (580 msec)</msg>
<status status="PASS" starttime="20200925 11:03:00.586" endtime="20200925 11:03:01.819"></status>
</kw>
<kw name="Exists" library="SikuliLibrary">
<doc>Exists</doc>
<arguments>
<arg>ButtonGreen.png</arg>
<arg>5</arg>
</arguments>
<msg timestamp="20200925 11:03:02.369" level="INFO">Params: [ButtonGreen.png, 5]</msg>
<status status="PASS" starttime="20200925 11:03:01.835" endtime="20200925 11:03:02.369"></status>
</kw>
<kw name="Click" library="SikuliLibrary">
<doc>Click</doc>
<arguments>
<arg>RadioButton-Male.png</arg>
<arg>xOffset=-20</arg>
<arg>yOffset=0</arg>
</arguments>
<msg timestamp="20200925 11:03:03.571" level="INFO">Params: [RadioButton-Male.png, -20, 0]</msg>
<msg timestamp="20200925 11:03:03.571" level="INFO" html="yes">&lt;img src='sikuli_captured/sikuliximage-1601028182916.png'/&gt;
[log] CLICK on L[112,490]@S(0) (595 msec)</msg>
<status status="PASS" starttime="20200925 11:03:02.417" endtime="20200925 11:03:03.572"></status>
</kw>
<kw name="Click" library="SikuliLibrary">
<doc>Click</doc>
<arguments>
<arg>CheckBox-PerformanceTesting.png</arg>
<arg>xOffset=-85</arg>
<arg>yOffset=0</arg>
</arguments>
<msg timestamp="20200925 11:03:04.608" level="INFO">Params: [CheckBox-PerformanceTesting.png, -85, 0]</msg>
<msg timestamp="20200925 11:03:04.608" level="INFO" html="yes">&lt;img src='sikuli_captured/sikuliximage-1601028183989.png'/&gt;
[log] CLICK on L[264,578]@S(0) (568 msec)</msg>
<status status="PASS" starttime="20200925 11:03:03.576" endtime="20200925 11:03:04.609"></status>
</kw>
<kw name="Click" library="SikuliLibrary">
<doc>Click</doc>
<arguments>
<arg>DropBox.png</arg>
</arguments>
<msg timestamp="20200925 11:03:06.349" level="INFO">Params: [DropBox.png]</msg>
<msg timestamp="20200925 11:03:06.349" level="INFO" html="yes">&lt;img src='sikuli_captured/sikuliximage-1601028185043.png'/&gt;
[log] CLICK on L[236,634]@S(0) (639 msec)</msg>
<status status="PASS" starttime="20200925 11:03:04.615" endtime="20200925 11:03:06.349"></status>
</kw>
<kw name="Click" library="SikuliLibrary">
<doc>Click</doc>
<arguments>
<arg>DropBox-ManualTesting.png</arg>
</arguments>
<msg timestamp="20200925 11:03:07.877" level="INFO">Params: [DropBox-ManualTesting.png]</msg>
<msg timestamp="20200925 11:03:07.877" level="INFO" html="yes">&lt;img src='sikuli_captured/sikuliximage-1601028186942.png'/&gt;
[log] CLICK on L[258,704]@S(0) (549 msec)</msg>
<status status="PASS" starttime="20200925 11:03:06.357" endtime="20200925 11:03:07.878"></status>
</kw>
<kw name="Click" library="SikuliLibrary">
<doc>Click</doc>
<arguments>
<arg>Branco.png</arg>
</arguments>
<msg timestamp="20200925 11:03:09.386" level="INFO">Params: [Branco.png]</msg>
<msg timestamp="20200925 11:03:09.386" level="INFO" html="yes">&lt;img src='sikuli_captured/sikuliximage-1601028188405.png'/&gt;
[log] CLICK on L[61,110]@S(0) (539 msec)</msg>
<status status="PASS" starttime="20200925 11:03:07.882" endtime="20200925 11:03:09.387"></status>
</kw>
<kw name="Press Special Key" library="SikuliLibrary">
<doc>Press special key
 Presses a special keyboard key.</doc>
<arguments>
<arg>PAGE_DOWN</arg>
</arguments>
<msg timestamp="20200925 11:03:09.464" level="INFO">Params: [PAGE_DOWN]
[log]  TYPE "#PDOWN."</msg>
<status status="PASS" starttime="20200925 11:03:09.389" endtime="20200925 11:03:09.465"></status>
</kw>
<kw name="Double Click" library="SikuliLibrary">
<doc>Double click</doc>
<arguments>
<arg>DoubleClickToGenerateAlertBox.png</arg>
</arguments>
<msg timestamp="20200925 11:03:11.100" level="INFO">Params: [DoubleClickToGenerateAlertBox.png]</msg>
<msg timestamp="20200925 11:03:11.100" level="INFO" html="yes">&lt;img src='sikuli_captured/sikuliximage-1601028190090.png'/&gt;
[log] DOUBLE CLICK on L[232,260]@S(0) (624 msec)</msg>
<status status="PASS" starttime="20200925 11:03:09.482" endtime="20200925 11:03:11.101"></status>
</kw>
<kw name="Click" library="SikuliLibrary">
<doc>Click</doc>
<arguments>
<arg>ok_alert.png</arg>
</arguments>
<msg timestamp="20200925 11:03:12.455" level="INFO">Params: [ok_alert.png]</msg>
<msg timestamp="20200925 11:03:12.455" level="INFO" html="yes">&lt;img src='sikuli_captured/sikuliximage-1601028191588.png'/&gt;
[log] CLICK on L[859,164]@S(0) (536 msec)</msg>
<status status="PASS" starttime="20200925 11:03:11.133" endtime="20200925 11:03:12.456"></status>
</kw>
<kw name="Click" library="SikuliLibrary">
<doc>Click</doc>
<arguments>
<arg>GenerateAlertBox.png</arg>
</arguments>
<msg timestamp="20200925 11:03:13.910" level="INFO">Params: [GenerateAlertBox.png]</msg>
<msg timestamp="20200925 11:03:13.910" level="INFO" html="yes">&lt;img src='sikuli_captured/sikuliximage-1601028192990.png'/&gt;
[log] CLICK on L[458,319]@S(0) (536 msec)</msg>
<status status="PASS" starttime="20200925 11:03:12.468" endtime="20200925 11:03:13.910"></status>
</kw>
<kw name="Click" library="SikuliLibrary">
<doc>Click</doc>
<arguments>
<arg>ok_alert.png</arg>
</arguments>
<msg timestamp="20200925 11:03:15.298" level="INFO">Params: [ok_alert.png]</msg>
<msg timestamp="20200925 11:03:15.298" level="INFO" html="yes">&lt;img src='sikuli_captured/sikuliximage-1601028194410.png'/&gt;
[log] CLICK on L[859,164]@S(0) (534 msec)</msg>
<status status="PASS" starttime="20200925 11:03:13.922" endtime="20200925 11:03:15.299"></status>
</kw>
<kw name="Click" library="SikuliLibrary">
<doc>Click</doc>
<arguments>
<arg>GenerateConfirmBox.png</arg>
</arguments>
<msg timestamp="20200925 11:03:16.791" level="INFO">Params: [GenerateConfirmBox.png]</msg>
<msg timestamp="20200925 11:03:16.792" level="INFO" html="yes">&lt;img src='sikuli_captured/sikuliximage-1601028195768.png'/&gt;
[log] CLICK on L[481,373]@S(0) (589 msec)</msg>
<status status="PASS" starttime="20200925 11:03:15.305" endtime="20200925 11:03:16.792"></status>
</kw>
<kw name="Click" library="SikuliLibrary">
<doc>Click</doc>
<arguments>
<arg>Cancel-Alert.png</arg>
</arguments>
<msg timestamp="20200925 11:03:18.028" level="INFO">Params: [Cancel-Alert.png]</msg>
<msg timestamp="20200925 11:03:18.029" level="INFO" html="yes">&lt;img src='sikuli_captured/sikuliximage-1601028197233.png'/&gt;
[log] CLICK on L[860,163]@S(0) (533 msec)</msg>
<status status="PASS" starttime="20200925 11:03:16.793" endtime="20200925 11:03:18.029"></status>
</kw>
<kw name="Exists" library="SikuliLibrary">
<doc>Exists</doc>
<arguments>
<arg>YouPressedCancel.png</arg>
<arg>1</arg>
</arguments>
<msg timestamp="20200925 11:03:18.511" level="INFO">Params: [YouPressedCancel.png, 1]</msg>
<status status="PASS" starttime="20200925 11:03:18.035" endtime="20200925 11:03:18.511"></status>
</kw>
<kw name="Drag And Drop" library="SikuliLibrary">
<doc>Drag the source image to target image.
If source image is empty, drag the last match and drop at given target</doc>
<arguments>
<arg>JavaPoint.png</arg>
<arg>Area-DragAndDrop.png</arg>
</arguments>
<msg timestamp="20200925 11:03:21.300" level="INFO">Params: [JavaPoint.png, Area-DragAndDrop.png]</msg>
<msg timestamp="20200925 11:03:21.300" level="INFO" html="yes">&lt;img src='sikuli_captured/sikuliximage-1601028198936.png'/&gt;</msg>
<msg timestamp="20200925 11:03:21.300" level="INFO" html="yes">&lt;img src='sikuli_captured/sikuliximage-1601028199299.png'/&gt;</msg>
<status status="PASS" starttime="20200925 11:03:18.530" endtime="20200925 11:03:21.301"></status>
</kw>
<kw name="Capture Screen" library="SikuliLibrary">
<doc>Capture whole screen, file name is returned</doc>
<msg timestamp="20200925 11:03:21.755" level="INFO">Params: []</msg>
<msg timestamp="20200925 11:03:21.755" level="INFO" html="yes">&lt;img src='sikuli_captured/sikuliximage-1601028201487.png'/&gt;</msg>
<status status="PASS" starttime="20200925 11:03:21.383" endtime="20200925 11:03:21.756"></status>
</kw>
<status status="PASS" starttime="20200925 11:02:40.972" endtime="20200925 11:03:21.780" critical="yes"></status>
</test>
<kw name="Stop Remote Server" library="SikuliLibrary" type="teardown">
<doc>Stops the remote server.</doc>
<msg timestamp="20200925 11:03:21.795" level="INFO">Robot Framework remote server stopping</msg>
<status status="PASS" starttime="20200925 11:03:21.784" endtime="20200925 11:03:21.795"></status>
</kw>
<doc>Identificar Elementos com o Sikuli</doc>
<status status="PASS" starttime="20200925 11:02:30.537" endtime="20200925 11:03:21.795"></status>
</suite>
<statistics>
<total>
<stat pass="1" fail="0">Critical Tests</stat>
<stat pass="1" fail="0">All Tests</stat>
</total>
<tag>
</tag>
<suite>
<stat pass="1" fail="0" id="s1" name="Identificaelementos">Identificaelementos</stat>
</suite>
</statistics>
<errors>
</errors>
</robot>
